<?xml version="1.0" encoding="UTF-8"?>
<testng-results ignored="0" total="3" passed="3" failed="0" skipped="0">
  <reporter-output>
  </reporter-output>
  <suite started-at="2021-04-18T10:27:24 EDT" name="Adhoc" finished-at="2021-04-18T10:28:19 EDT" duration-ms="54671">
    <groups>
    </groups>
    <test started-at="2021-04-18T10:27:24 EDT" name="functionsofchrome" finished-at="2021-04-18T10:27:40 EDT" duration-ms="16131">
      <class name="Protrainingtech.scenarios.First">
        <test-method is-config="true" signature="browsers(java.lang.String,java.lang.String)[pri:0, instance:Protrainingtech.scenarios.First@4a22f9e2]" started-at="2021-04-18T10:27:24 EDT" name="browsers" finished-at="2021-04-18T10:27:31 EDT" duration-ms="6464" status="PASS">
          <params>
            <param index="0">
              <value>
                <![CDATA[Chrome]]>
              </value>
            </param>
            <param index="1">
              <value>
                <![CDATA[https://www.Protrainingtech.com]]>
              </value>
            </param>
          </params>
          <reporter-output>
          </reporter-output>
        </test-method> <!-- browsers -->
        <test-method signature="f()[pri:0, instance:Protrainingtech.scenarios.First@4a22f9e2]" started-at="2021-04-18T10:27:31 EDT" name="f" finished-at="2021-04-18T10:27:34 EDT" duration-ms="2938" status="PASS">
          <reporter-output>
          </reporter-output>
        </test-method> <!-- f -->
        <test-method is-config="true" signature="afterClass()[pri:0, instance:Protrainingtech.scenarios.First@4a22f9e2]" started-at="2021-04-18T10:27:34 EDT" name="afterClass" finished-at="2021-04-18T10:27:40 EDT" duration-ms="6013" status="PASS">
          <reporter-output>
          </reporter-output>
        </test-method> <!-- afterClass -->
      </class> <!-- Protrainingtech.scenarios.First -->
    </test> <!-- functionsofchrome -->
    <test started-at="2021-04-18T10:27:40 EDT" name="functionsoffirefox" finished-at="2021-04-18T10:27:59 EDT" duration-ms="19180">
      <class name="Protrainingtech.scenarios.First">
        <test-method is-config="true" signature="browsers(java.lang.String,java.lang.String)[pri:0, instance:Protrainingtech.scenarios.First@2145b572]" started-at="2021-04-18T10:27:40 EDT" name="browsers" finished-at="2021-04-18T10:27:50 EDT" duration-ms="9848" status="PASS">
          <params>
            <param index="0">
              <value>
                <![CDATA[Firefox]]>
              </value>
            </param>
            <param index="1">
              <value>
                <![CDATA[https://www.Protrainingtech.com]]>
              </value>
            </param>
          </params>
          <reporter-output>
          </reporter-output>
        </test-method> <!-- browsers -->
        <test-method signature="f()[pri:0, instance:Protrainingtech.scenarios.First@2145b572]" started-at="2021-04-18T10:27:50 EDT" name="f" finished-at="2021-04-18T10:27:53 EDT" duration-ms="3110" status="PASS">
          <reporter-output>
          </reporter-output>
        </test-method> <!-- f -->
        <test-method is-config="true" signature="afterClass()[pri:0, instance:Protrainingtech.scenarios.First@2145b572]" started-at="2021-04-18T10:27:53 EDT" name="afterClass" finished-at="2021-04-18T10:27:59 EDT" duration-ms="6002" status="PASS">
          <reporter-output>
          </reporter-output>
        </test-method> <!-- afterClass -->
      </class> <!-- Protrainingtech.scenarios.First -->
    </test> <!-- functionsoffirefox -->
    <test started-at="2021-04-18T10:27:59 EDT" name="functionsofedge" finished-at="2021-04-18T10:28:19 EDT" duration-ms="19267">
      <class name="Protrainingtech.scenarios.First">
        <test-method is-config="true" signature="browsers(java.lang.String,java.lang.String)[pri:0, instance:Protrainingtech.scenarios.First@1cbbffcd]" started-at="2021-04-18T10:27:59 EDT" name="browsers" finished-at="2021-04-18T10:28:08 EDT" duration-ms="8638" status="PASS">
          <params>
            <param index="0">
              <value>
                <![CDATA[Edge]]>
              </value>
            </param>
            <param index="1">
              <value>
                <![CDATA[https://www.Protrainingtech.com]]>
              </value>
            </param>
          </params>
          <reporter-output>
          </reporter-output>
        </test-method> <!-- browsers -->
        <test-method signature="f()[pri:0, instance:Protrainingtech.scenarios.First@1cbbffcd]" started-at="2021-04-18T10:28:08 EDT" name="f" finished-at="2021-04-18T10:28:12 EDT" duration-ms="4149" status="PASS">
          <reporter-output>
          </reporter-output>
        </test-method> <!-- f -->
        <test-method is-config="true" signature="afterClass()[pri:0, instance:Protrainingtech.scenarios.First@1cbbffcd]" started-at="2021-04-18T10:28:13 EDT" name="afterClass" finished-at="2021-04-18T10:28:19 EDT" duration-ms="6003" status="PASS">
          <reporter-output>
          </reporter-output>
        </test-method> <!-- afterClass -->
      </class> <!-- Protrainingtech.scenarios.First -->
    </test> <!-- functionsofedge -->
  </suite> <!-- Adhoc -->
</testng-results>
